[0.014s] Invoking command in '/home/server/dev_ws/build/my_bot': CMAKE_PREFIX_PATH=${CMAKE_PREFIX_PATH}:/opt/ros/humble /usr/bin/cmake --build /home/server/dev_ws/build/my_bot -- -j8 -l8
[0.046s] Invoked command in '/home/server/dev_ws/build/my_bot' returned '0': CMAKE_PREFIX_PATH=${CMAKE_PREFIX_PATH}:/opt/ros/humble /usr/bin/cmake --build /home/server/dev_ws/build/my_bot -- -j8 -l8
[0.072s] Invoking command in '/home/server/dev_ws/build/my_bot': CMAKE_PREFIX_PATH=${CMAKE_PREFIX_PATH}:/opt/ros/humble /usr/bin/cmake --install /home/server/dev_ws/build/my_bot
[0.079s] -- Install configuration: ""
[0.079s] -- Up-to-date: /home/server/dev_ws/install/my_bot/share/my_bot/config
[0.079s] -- Up-to-date: /home/server/dev_ws/install/my_bot/share/my_bot/config/main.rviz
[0.079s] -- Up-to-date: /home/server/dev_ws/install/my_bot/share/my_bot/config/drive.rviz
[0.080s] -- Up-to-date: /home/server/dev_ws/install/my_bot/share/my_bot/config/my_controllers.yaml
[0.080s] -- Up-to-date: /home/server/dev_ws/install/my_bot/share/my_bot/config/gazebo_params.yaml
[0.080s] -- Up-to-date: /home/server/dev_ws/install/my_bot/share/my_bot/config/real.rviz
[0.080s] -- Up-to-date: /home/server/dev_ws/install/my_bot/share/my_bot/config/xe.rviz
[0.080s] -- Up-to-date: /home/server/dev_ws/install/my_bot/share/my_bot/description
[0.080s] -- Installing: /home/server/dev_ws/install/my_bot/share/my_bot/description/camera.xacro
[0.080s] -- Up-to-date: /home/server/dev_ws/install/my_bot/share/my_bot/description/robot.urdf.xacro
[0.080s] -- Up-to-date: /home/server/dev_ws/install/my_bot/share/my_bot/description/robot_core.xacro
[0.081s] -- Up-to-date: /home/server/dev_ws/install/my_bot/share/my_bot/description/ros2_control.xacro
[0.081s] -- Up-to-date: /home/server/dev_ws/install/my_bot/share/my_bot/description/gazebo_control.xacro
[0.081s] -- Up-to-date: /home/server/dev_ws/install/my_bot/share/my_bot/description/inertial_macros.xacro
[0.081s] -- Up-to-date: /home/server/dev_ws/install/my_bot/share/my_bot/launch
[0.081s] -- Up-to-date: /home/server/dev_ws/install/my_bot/share/my_bot/launch/rsp.launch.py
[0.081s] -- Up-to-date: /home/server/dev_ws/install/my_bot/share/my_bot/launch/description_launch.py
[0.081s] -- Up-to-date: /home/server/dev_ws/install/my_bot/share/my_bot/launch/display.launch.py
[0.082s] -- Up-to-date: /home/server/dev_ws/install/my_bot/share/my_bot/launch/launch_mp.launch.py
[0.083s] -- Up-to-date: /home/server/dev_ws/install/my_bot/share/my_bot/worlds
[0.083s] -- Up-to-date: /home/server/dev_ws/install/my_bot/share/my_bot/worlds/mp.world
[0.083s] -- Up-to-date: /home/server/dev_ws/install/my_bot/share/my_bot/worlds/empty.world
[0.084s] -- Up-to-date: /home/server/dev_ws/install/my_bot/share/my_bot/urdf
[0.084s] -- Up-to-date: /home/server/dev_ws/install/my_bot/share/my_bot/urdf/camera.xacro
[0.084s] -- Up-to-date: /home/server/dev_ws/install/my_bot/share/my_bot/urdf/robot.urdf.xacro
[0.084s] -- Up-to-date: /home/server/dev_ws/install/my_bot/share/my_bot/urdf/robot_core.xacro
[0.085s] -- Up-to-date: /home/server/dev_ws/install/my_bot/share/my_bot/urdf/ros2_control.xacro
[0.085s] -- Up-to-date: /home/server/dev_ws/install/my_bot/share/my_bot/urdf/gazebo_control.xacro
[0.085s] -- Up-to-date: /home/server/dev_ws/install/my_bot/share/my_bot/urdf/inertial_macros.xacro
[0.085s] -- Up-to-date: /home/server/dev_ws/install/my_bot/share/ament_index/resource_index/package_run_dependencies/my_bot
[0.085s] -- Up-to-date: /home/server/dev_ws/install/my_bot/share/ament_index/resource_index/parent_prefix_path/my_bot
[0.086s] -- Up-to-date: /home/server/dev_ws/install/my_bot/share/my_bot/environment/ament_prefix_path.sh
[0.086s] -- Up-to-date: /home/server/dev_ws/install/my_bot/share/my_bot/environment/ament_prefix_path.dsv
[0.086s] -- Up-to-date: /home/server/dev_ws/install/my_bot/share/my_bot/environment/path.sh
[0.087s] -- Up-to-date: /home/server/dev_ws/install/my_bot/share/my_bot/environment/path.dsv
[0.087s] -- Up-to-date: /home/server/dev_ws/install/my_bot/share/my_bot/local_setup.bash
[0.087s] -- Up-to-date: /home/server/dev_ws/install/my_bot/share/my_bot/local_setup.sh
[0.088s] -- Up-to-date: /home/server/dev_ws/install/my_bot/share/my_bot/local_setup.zsh
[0.088s] -- Up-to-date: /home/server/dev_ws/install/my_bot/share/my_bot/local_setup.dsv
[0.089s] -- Installing: /home/server/dev_ws/install/my_bot/share/my_bot/package.dsv
[0.089s] -- Up-to-date: /home/server/dev_ws/install/my_bot/share/ament_index/resource_index/packages/my_bot
[0.089s] -- Up-to-date: /home/server/dev_ws/install/my_bot/share/my_bot/cmake/my_botConfig.cmake
[0.089s] -- Up-to-date: /home/server/dev_ws/install/my_bot/share/my_bot/cmake/my_botConfig-version.cmake
[0.089s] -- Up-to-date: /home/server/dev_ws/install/my_bot/share/my_bot/package.xml
[0.090s] Invoked command in '/home/server/dev_ws/build/my_bot' returned '0': CMAKE_PREFIX_PATH=${CMAKE_PREFIX_PATH}:/opt/ros/humble /usr/bin/cmake --install /home/server/dev_ws/build/my_bot
