[0.018s] Invoking command in '/home/server/dev_ws/build/my_bot': CMAKE_PREFIX_PATH=${CMAKE_PREFIX_PATH}:/opt/ros/humble /usr/bin/cmake /home/server/dev_ws/src/my_bot -DCMAKE_INSTALL_PREFIX=/home/server/dev_ws/install/my_bot
[0.137s] -- The C compiler identification is GNU 11.4.0
[0.223s] -- The CXX compiler identification is GNU 11.4.0
[0.234s] -- Detecting C compiler ABI info
[0.301s] -- Detecting C compiler ABI info - done
[0.309s] -- Check for working C compiler: /usr/bin/cc - skipped
[0.310s] -- Detecting C compile features
[0.311s] -- Detecting C compile features - done
[0.314s] -- Detecting CXX compiler ABI info
[0.384s] -- Detecting CXX compiler ABI info - done
[0.391s] -- Check for working CXX compiler: /usr/bin/c++ - skipped
[0.392s] -- Detecting CXX compile features
[0.392s] -- Detecting CXX compile features - done
[0.398s] -- Found ament_cmake: 1.3.5 (/opt/ros/humble/share/ament_cmake/cmake)
[0.551s] -- Found Python3: /usr/bin/python3.10 (found version "3.10.12") found components: Interpreter 
[0.636s] -- Found urdf: 2.6.0 (/opt/ros/humble/share/urdf/cmake)
[0.688s] -- Found ament_lint_auto: 0.12.7 (/opt/ros/humble/share/ament_lint_auto/cmake)
[0.773s] -- Added test 'copyright' to check source files copyright and LICENSE
[0.777s] -- Added test 'flake8' to check Python code syntax and style conventions
[0.777s] -- Added test 'lint_cmake' to check CMake code style
[0.778s] -- Added test 'pep257' to check Python code against some of the docstring style conventions in PEP 257
[0.780s] -- Added test 'xmllint' to check XML markup files
[0.782s] -- Configuring done
[0.785s] -- Generating done
[0.785s] -- Build files have been written to: /home/server/dev_ws/build/my_bot
[0.792s] Invoked command in '/home/server/dev_ws/build/my_bot' returned '0': CMAKE_PREFIX_PATH=${CMAKE_PREFIX_PATH}:/opt/ros/humble /usr/bin/cmake /home/server/dev_ws/src/my_bot -DCMAKE_INSTALL_PREFIX=/home/server/dev_ws/install/my_bot
[0.794s] Invoking command in '/home/server/dev_ws/build/my_bot': CMAKE_PREFIX_PATH=${CMAKE_PREFIX_PATH}:/opt/ros/humble /usr/bin/cmake --build /home/server/dev_ws/build/my_bot -- -j8 -l8
[0.827s] Invoked command in '/home/server/dev_ws/build/my_bot' returned '0': CMAKE_PREFIX_PATH=${CMAKE_PREFIX_PATH}:/opt/ros/humble /usr/bin/cmake --build /home/server/dev_ws/build/my_bot -- -j8 -l8
[0.854s] Invoking command in '/home/server/dev_ws/build/my_bot': CMAKE_PREFIX_PATH=${CMAKE_PREFIX_PATH}:/opt/ros/humble /usr/bin/cmake --install /home/server/dev_ws/build/my_bot
[0.861s] -- Install configuration: ""
[0.861s] -- Installing: /home/server/dev_ws/install/my_bot/share/my_bot/config
[0.861s] -- Installing: /home/server/dev_ws/install/my_bot/share/my_bot/config/main.rviz
[0.861s] -- Installing: /home/server/dev_ws/install/my_bot/share/my_bot/config/drive.rviz
[0.862s] -- Installing: /home/server/dev_ws/install/my_bot/share/my_bot/config/my_controllers.yaml
[0.862s] -- Installing: /home/server/dev_ws/install/my_bot/share/my_bot/config/gazebo_params.yaml
[0.862s] -- Installing: /home/server/dev_ws/install/my_bot/share/my_bot/config/real.rviz
[0.862s] -- Installing: /home/server/dev_ws/install/my_bot/share/my_bot/config/xe.rviz
[0.862s] -- Installing: /home/server/dev_ws/install/my_bot/share/my_bot/description
[0.862s] -- Installing: /home/server/dev_ws/install/my_bot/share/my_bot/description/camera.xacro
[0.862s] -- Installing: /home/server/dev_ws/install/my_bot/share/my_bot/description/robot.urdf.xacro
[0.862s] -- Installing: /home/server/dev_ws/install/my_bot/share/my_bot/description/robot_core.xacro
[0.862s] -- Installing: /home/server/dev_ws/install/my_bot/share/my_bot/description/ros2_control.xacro
[0.862s] -- Installing: /home/server/dev_ws/install/my_bot/share/my_bot/description/gazebo_control.xacro
[0.862s] -- Installing: /home/server/dev_ws/install/my_bot/share/my_bot/description/inertial_macros.xacro
[0.863s] -- Installing: /home/server/dev_ws/install/my_bot/share/my_bot/launch
[0.863s] -- Installing: /home/server/dev_ws/install/my_bot/share/my_bot/launch/rsp.launch.py
[0.863s] -- Installing: /home/server/dev_ws/install/my_bot/share/my_bot/launch/description_launch.py
[0.863s] -- Installing: /home/server/dev_ws/install/my_bot/share/my_bot/launch/display.launch.py
[0.863s] -- Installing: /home/server/dev_ws/install/my_bot/share/my_bot/launch/launch_mp.launch.py
[0.863s] -- Installing: /home/server/dev_ws/install/my_bot/share/my_bot/worlds
[0.863s] -- Installing: /home/server/dev_ws/install/my_bot/share/my_bot/worlds/mp.world
[0.863s] -- Installing: /home/server/dev_ws/install/my_bot/share/my_bot/worlds/empty.world
[0.863s] -- Installing: /home/server/dev_ws/install/my_bot/share/my_bot/urdf
[0.863s] -- Installing: /home/server/dev_ws/install/my_bot/share/my_bot/urdf/camera.xacro
[0.863s] -- Installing: /home/server/dev_ws/install/my_bot/share/my_bot/urdf/robot.urdf.xacro
[0.863s] -- Installing: /home/server/dev_ws/install/my_bot/share/my_bot/urdf/robot_core.xacro
[0.863s] -- Installing: /home/server/dev_ws/install/my_bot/share/my_bot/urdf/ros2_control.xacro
[0.863s] -- Installing: /home/server/dev_ws/install/my_bot/share/my_bot/urdf/gazebo_control.xacro
[0.863s] -- Installing: /home/server/dev_ws/install/my_bot/share/my_bot/urdf/inertial_macros.xacro
[0.864s] -- Installing: /home/server/dev_ws/install/my_bot/share/ament_index/resource_index/package_run_dependencies/my_bot
[0.864s] -- Installing: /home/server/dev_ws/install/my_bot/share/ament_index/resource_index/parent_prefix_path/my_bot
[0.864s] -- Installing: /home/server/dev_ws/install/my_bot/share/my_bot/environment/ament_prefix_path.sh
[0.864s] -- Installing: /home/server/dev_ws/install/my_bot/share/my_bot/environment/ament_prefix_path.dsv
[0.864s] -- Installing: /home/server/dev_ws/install/my_bot/share/my_bot/environment/path.sh
[0.864s] -- Installing: /home/server/dev_ws/install/my_bot/share/my_bot/environment/path.dsv
[0.864s] -- Installing: /home/server/dev_ws/install/my_bot/share/my_bot/local_setup.bash
[0.864s] -- Installing: /home/server/dev_ws/install/my_bot/share/my_bot/local_setup.sh
[0.864s] -- Installing: /home/server/dev_ws/install/my_bot/share/my_bot/local_setup.zsh
[0.864s] -- Installing: /home/server/dev_ws/install/my_bot/share/my_bot/local_setup.dsv
[0.865s] -- Installing: /home/server/dev_ws/install/my_bot/share/my_bot/package.dsv
[0.865s] -- Installing: /home/server/dev_ws/install/my_bot/share/ament_index/resource_index/packages/my_bot
[0.865s] -- Installing: /home/server/dev_ws/install/my_bot/share/my_bot/cmake/my_botConfig.cmake
[0.865s] -- Installing: /home/server/dev_ws/install/my_bot/share/my_bot/cmake/my_botConfig-version.cmake
[0.865s] -- Installing: /home/server/dev_ws/install/my_bot/share/my_bot/package.xml
[0.867s] Invoked command in '/home/server/dev_ws/build/my_bot' returned '0': CMAKE_PREFIX_PATH=${CMAKE_PREFIX_PATH}:/opt/ros/humble /usr/bin/cmake --install /home/server/dev_ws/build/my_bot
